#
# A fatal error has been detected by the Java Runtime Environment:
#
#  EXCEPTION_ACCESS_VIOLATION (0xc0000005) at pc=0x0000000064591443, pid=11844, tid=9296
#
# JRE version: 7.0_21-b11
# Java VM: Java HotSpot(TM) 64-Bit Server VM (23.21-b01 mixed mode windows-amd64 compressed oops)
# Problematic frame:
# V  [jvm.dll+0x1b1443]
#
# Failed to write core dump. Minidumps are not enabled by default on client versions of Windows
#
# If you would like to submit a bug report, please visit:
#   http://bugreport.sun.com/bugreport/crash.jsp
#

---------------  T H R E A D  ---------------

Current thread (0x0000000010ab9800):  JavaThread "Thread-2" [_thread_in_vm, id=9296, stack(0x00000000112e0000,0x00000000113e0000)]

siginfo: ExceptionCode=0xc0000005, reading address 0x0000000000000001

Registers:
RAX=0x0000000000000001, RBX=0x00000000024db660, RCX=0x00000000025c5020, RDX=0x00000000eb4a1f60
RSP=0x00000000113df3e0, RBP=0x00000000eb4a1f60, RSI=0x0000000010ab7930, RDI=0x00000000025c5020
R8 =0x0000000000000000, R9 =0x00000000ebb97370, R10=0x0000000000000024, R11=0x0000000010a63558
R12=0x0000000010ab99d8, R13=0x0000000000000000, R14=0x00000000113df590, R15=0x0000000010ab9800
RIP=0x0000000064591443, EFLAGS=0x0000000000010202

Top of Stack: (sp=0x00000000113df3e0)
0x00000000113df3e0:   00000000024db660 0000000064591eb5
0x00000000113df3f0:   0000000010ab9800 00000000644df34f
0x00000000113df400:   000007feefa20000 00000000eb4a1f60
0x00000000113df410:   00000000eb4a1f60 0000000064591571
0x00000000113df420:   00000000024db660 0000000010ab7930
0x00000000113df430:   0000000010ab99d8 0000000200000004
0x00000000113df440:   0000000010ab9800 00000000644d59cd
0x00000000113df450:   0000000010a63558 0000000010a63558
0x00000000113df460:   000000000b468790 00000000644d5b60
0x00000000113df470:   0000000010ab9800 0000000000000000
0x00000000113df480:   0000000010ab99d8 00000000113df590
0x00000000113df490:   0000000000000001 000007feefa21c43
0x00000000113df4a0:   0000000064a3cbf0 0000000000000001
0x00000000113df4b0:   00000000113df580 0000000000000001
0x00000000113df4c0:   00000000bcf3b108 0000000000000000
0x00000000113df4d0:   00000000027d6374 00000000027e23a8 

Instructions: (pc=0x0000000064591443)
0x0000000064591423:   10 01 00 00 48 85 db 75 08 49 8b ed e9 cd fe ff
0x0000000064591433:   ff 48 8b 2b e9 c5 fe ff ff 48 8b 87 20 01 00 00
0x0000000064591443:   48 8b 08 48 89 8f 20 01 00 00 eb 16 48 63 88 00
0x0000000064591453:   01 00 00 48 8b d0 48 8d 04 c8 ff c1 89 8a 00 01 


Register to memory mapping:

RAX=0x0000000000000001 is an unknown value
RBX=0x00000000024db660 is an unknown value
RCX=0x00000000025c5020 is a global jni handle
RDX=0x00000000eb4a1f60 is an oop
CapturePackage.CaptureFrame$5 
 - klass: 'CapturePackage/CaptureFrame$5'
RSP=0x00000000113df3e0 is pointing into the stack for thread: 0x0000000010ab9800
RBP=0x00000000eb4a1f60 is an oop
CapturePackage.CaptureFrame$5 
 - klass: 'CapturePackage/CaptureFrame$5'
RSI=0x0000000010ab7930 is an unknown value
RDI=0x00000000025c5020 is a global jni handle
R8 =0x0000000000000000 is an unknown value
R9 =0x00000000ebb97370 is an oop
jpcap.JpcapCaptor 
 - klass: 'jpcap/JpcapCaptor'
R10=0x0000000000000024 is an unknown value
R11=0x0000000010a63558 is an unknown value
R12=0x0000000010ab99d8 is an unknown value
R13=0x0000000000000000 is an unknown value
R14=0x00000000113df590 is pointing into the stack for thread: 0x0000000010ab9800
R15=0x0000000010ab9800 is a thread


Stack: [0x00000000112e0000,0x00000000113e0000],  sp=0x00000000113df3e0,  free space=1020k
Native frames: (J=compiled Java code, j=interpreted, Vv=VM code, C=native code)
V  [jvm.dll+0x1b1443]

Java frames: (J=compiled Java code, j=interpreted, Vv=VM code)
j  jpcap.JpcapCaptor.processPacket(ILjpcap/PacketReceiver;)I+0
j  CapturePackage.CaptureFrame$1$1.run()V+24
j  java.lang.Thread.run()V+11
v  ~StubRoutines::call_stub

---------------  P R O C E S S  ---------------

Java Threads: ( => current thread )
  0x0000000010b7f800 JavaThread "Thread-3" [_thread_blocked, id=10600, stack(0x0000000011730000,0x0000000011830000)]
=>0x0000000010ab9800 JavaThread "Thread-2" [_thread_in_vm, id=9296, stack(0x00000000112e0000,0x00000000113e0000)]
  0x000000001091b800 JavaThread "TimerQueue" daemon [_thread_blocked, id=10328, stack(0x0000000011130000,0x0000000011230000)]
  0x00000000024dd000 JavaThread "DestroyJavaVM" [_thread_blocked, id=8404, stack(0x00000000026d0000,0x00000000027d0000)]
  0x000000000ac25000 JavaThread "AWT-EventQueue-0" [_thread_blocked, id=10508, stack(0x000000000efa0000,0x000000000f0a0000)]
  0x000000000abee800 JavaThread "AWT-Windows" daemon [_thread_in_native, id=10760, stack(0x000000000aef0000,0x000000000aff0000)]
  0x000000000abe6000 JavaThread "AWT-Shutdown" [_thread_blocked, id=10144, stack(0x000000000b210000,0x000000000b310000)]
  0x0000000008e1c000 JavaThread "Java2D Disposer" daemon [_thread_blocked, id=12232, stack(0x000000000b010000,0x000000000b110000)]
  0x0000000008de1800 JavaThread "Service Thread" daemon [_thread_blocked, id=8916, stack(0x000000000a930000,0x000000000aa30000)]
  0x0000000008ddf800 JavaThread "C2 CompilerThread1" daemon [_thread_blocked, id=10092, stack(0x000000000a760000,0x000000000a860000)]
  0x0000000008dda800 JavaThread "C2 CompilerThread0" daemon [_thread_blocked, id=12260, stack(0x000000000a4f0000,0x000000000a5f0000)]
  0x0000000008dd9800 JavaThread "Attach Listener" daemon [_thread_blocked, id=11600, stack(0x000000000a340000,0x000000000a440000)]
  0x0000000008dd2000 JavaThread "Signal Dispatcher" daemon [_thread_blocked, id=12216, stack(0x000000000a050000,0x000000000a150000)]
  0x00000000025d5000 JavaThread "Finalizer" daemon [_thread_blocked, id=11464, stack(0x000000000a1d0000,0x000000000a2d0000)]
  0x00000000025ce800 JavaThread "Reference Handler" daemon [_thread_blocked, id=9824, stack(0x0000000009ee0000,0x0000000009fe0000)]

Other Threads:
  0x0000000008d32800 VMThread [stack: 0x0000000009d70000,0x0000000009e70000] [id=11308]
  0x0000000008dfa800 WatcherThread [stack: 0x000000000a600000,0x000000000a700000] [id=11944]

VM state:not at safepoint (normal execution)

VM Mutex/Monitor currently owned by a thread:  ([mutex/lock_event])
[0x00000000024db660] JNIGlobalHandle_lock - owner thread: 0x0000000010ab9800

Heap
 PSYoungGen      total 18688K, used 9315K [0x00000000eb2b0000, 0x00000000ec780000, 0x0000000100000000)
  eden space 16064K, 57% used [0x00000000eb2b0000,0x00000000ebbc8c28,0x00000000ec260000)
  from space 2624K, 0% used [0x00000000ec4f0000,0x00000000ec4f0000,0x00000000ec780000)
  to   space 2624K, 0% used [0x00000000ec260000,0x00000000ec260000,0x00000000ec4f0000)
 ParOldGen       total 42624K, used 0K [0x00000000c1800000, 0x00000000c41a0000, 0x00000000eb2b0000)
  object space 42624K, 0% used [0x00000000c1800000,0x00000000c1800000,0x00000000c41a0000)
 PSPermGen       total 21248K, used 11620K [0x00000000bc600000, 0x00000000bdac0000, 0x00000000c1800000)
  object space 21248K, 54% used [0x00000000bc600000,0x00000000bd1593b8,0x00000000bdac0000)

Card table byte_map: [0x00000000057d0000,0x00000000059f0000] byte_map_base: 0x00000000051ed000

Polling page: 0x0000000000320000

Code Cache  [0x00000000027d0000, 0x0000000002a40000, 0x00000000057d0000)
 total_blobs=514 nmethods=67 adapters=398 free_code_cache=48538Kb largest_free_block=49681920

Compilation events (10 events):
Event: 31.153 Thread 0x0000000008ddf800   63             sun.util.logging.PlatformLogger$LoggerProxy::isLoggable (21 bytes)
Event: 31.153 Thread 0x0000000008dda800   62             sun.util.logging.PlatformLogger::isLoggable (9 bytes)
Event: 31.153 Thread 0x0000000008ddf800 nmethod 63 0x0000000002865290 code [0x00000000028653c0, 0x0000000002865438]
Event: 31.154 Thread 0x0000000008dda800 nmethod 62 0x0000000002865050 code [0x0000000002865180, 0x00000000028651f8]
Event: 33.637 Thread 0x0000000008ddf800   64             java.security.AccessControlContext::optimize (319 bytes)
Event: 33.653 Thread 0x0000000008ddf800 nmethod 64 0x00000000028662d0 code [0x0000000002866440, 0x0000000002866ec8]
Event: 34.865 Thread 0x0000000008dda800   65             java.awt.GraphicsEnvironment::isHeadless (4 bytes)
Event: 34.865 Thread 0x0000000008ddf800   66             java.awt.GraphicsEnvironment::getHeadlessProperty (24 bytes)
Event: 34.866 Thread 0x0000000008dda800 nmethod 65 0x0000000002866090 code [0x00000000028661c0, 0x0000000002866218]
Event: 34.866 Thread 0x0000000008ddf800 nmethod 66 0x0000000002865e90 code [0x0000000002865fc0, 0x0000000002866018]

GC Heap History (0 events):
No events

Deoptimization events (4 events):
Event: 3.987 Thread 0x000000000ac25000 Uncommon trap -34 fr.pc 0x0000000002846784
Event: 5.459 Thread 0x000000000ac25000 Uncommon trap -34 fr.pc 0x0000000002846784
Event: 5.459 Thread 0x000000000ac25000 Uncommon trap -34 fr.pc 0x0000000002846784
Event: 5.625 Thread 0x000000000ac25000 Uncommon trap -34 fr.pc 0x0000000002846784

Internal exceptions (10 events):
Event: 0.237 Thread 0x00000000024dd000 Threw 0x00000000eb4a64c0 at C:\jdk7u2_64p\jdk7u21\hotspot\src\share\vm\prims\jvm.cpp:1166
Event: 0.237 Thread 0x00000000024dd000 Threw 0x00000000eb4a7ec0 at C:\jdk7u2_64p\jdk7u21\hotspot\src\share\vm\prims\jvm.cpp:1166
Event: 0.262 Thread 0x00000000024dd000 Threw 0x00000000eb4cb180 at C:\jdk7u2_64p\jdk7u21\hotspot\src\share\vm\prims\jni.cpp:716
Event: 0.262 Thread 0x00000000024dd000 Threw 0x00000000eb4cb5e8 at C:\jdk7u2_64p\jdk7u21\hotspot\src\share\vm\interpreter\linkResolver.cpp:805
Event: 0.272 Thread 0x00000000024dd000 Threw 0x00000000eb540790 at C:\jdk7u2_64p\jdk7u21\hotspot\src\share\vm\prims\jvm.cpp:1166
Event: 0.272 Thread 0x00000000024dd000 Threw 0x00000000eb541520 at C:\jdk7u2_64p\jdk7u21\hotspot\src\share\vm\prims\jvm.cpp:1166
Event: 0.274 Thread 0x00000000024dd000 Threw 0x00000000eb544858 at C:\jdk7u2_64p\jdk7u21\hotspot\src\share\vm\prims\jvm.cpp:1166
Event: 0.274 Thread 0x00000000024dd000 Threw 0x00000000eb5455e8 at C:\jdk7u2_64p\jdk7u21\hotspot\src\share\vm\prims\jvm.cpp:1166
Event: 2.126 Thread 0x000000000ac25000 Threw 0x00000000eb526438 at C:\jdk7u2_64p\jdk7u21\hotspot\src\share\vm\prims\jvm.cpp:1166
Event: 19.010 Thread 0x000000000ac25000 Threw 0x00000000eba0edd8 at C:\jdk7u2_64p\jdk7u21\hotspot\src\share\vm\prims\jvm.cpp:1166

Events (10 events):
Event: 28.122 Executing VM operation: RevokeBias done
Event: 28.394 Executing VM operation: RevokeBias
Event: 28.394 Executing VM operation: RevokeBias done
Event: 28.394 Executing VM operation: RevokeBias
Event: 28.394 Executing VM operation: RevokeBias done
Event: 28.394 Executing VM operation: RevokeBias
Event: 28.394 Executing VM operation: RevokeBias done
Event: 34.184 Thread 0x0000000010b7f800 Thread added: 0x0000000010b7f800
Event: 48.999 Executing VM operation: BulkRevokeBias
Event: 48.999 Executing VM operation: BulkRevokeBias done


Dynamic libraries:
0x000000013fbd0000 - 0x000000013fc03000 	D:\Program Files\Java\jre7\bin\javaw.exe
0x00000000770f0000 - 0x0000000077299000 	C:\Windows\SYSTEM32\ntdll.dll
0x0000000076fd0000 - 0x00000000770ef000 	C:\Windows\system32\kernel32.dll
0x000007fefd8b0000 - 0x000007fefd91b000 	C:\Windows\system32\KERNELBASE.dll
0x000007feff0f0000 - 0x000007feff1cb000 	C:\Windows\system32\ADVAPI32.dll
0x000007fefede0000 - 0x000007fefee7f000 	C:\Windows\system32\msvcrt.dll
0x000007feff3e0000 - 0x000007feff3ff000 	C:\Windows\SYSTEM32\sechost.dll
0x000007feff2b0000 - 0x000007feff3dd000 	C:\Windows\system32\RPCRT4.dll
0x0000000076d70000 - 0x0000000076e6a000 	C:\Windows\system32\USER32.dll
0x000007feff000000 - 0x000007feff067000 	C:\Windows\system32\GDI32.dll
0x000007fefedd0000 - 0x000007fefedde000 	C:\Windows\system32\LPK.dll
0x000007fefee80000 - 0x000007fefef49000 	C:\Windows\system32\USP10.dll
0x000007fefbc50000 - 0x000007fefbe44000 	C:\Windows\WinSxS\amd64_microsoft.windows.common-controls_6595b64144ccf1df_6.0.7601.17514_none_fa396087175ac9ac\COMCTL32.dll
0x000007fefdb60000 - 0x000007fefdbd1000 	C:\Windows\system32\SHLWAPI.dll
0x000007fefef50000 - 0x000007fefef7e000 	C:\Windows\system32\IMM32.DLL
0x000007fefec20000 - 0x000007fefed29000 	C:\Windows\system32\MSCTF.dll
0x00000000660f0000 - 0x00000000661c1000 	D:\Program Files\Java\jre7\bin\msvcr100.dll
0x00000000643e0000 - 0x0000000064b01000 	D:\Program Files\Java\jre7\bin\server\jvm.dll
0x000007fef9200000 - 0x000007fef9209000 	C:\Windows\system32\WSOCK32.dll
0x000007fefd930000 - 0x000007fefd97d000 	C:\Windows\system32\WS2_32.dll
0x000007fefd920000 - 0x000007fefd928000 	C:\Windows\system32\NSI.dll
0x000007fefc140000 - 0x000007fefc17b000 	C:\Windows\system32\WINMM.dll
0x00000000772c0000 - 0x00000000772c7000 	C:\Windows\system32\PSAPI.DLL
0x000000006b1b0000 - 0x000000006b1bf000 	D:\Program Files\Java\jre7\bin\verify.dll
0x000000006b0e0000 - 0x000000006b108000 	D:\Program Files\Java\jre7\bin\java.dll
0x000000006b120000 - 0x000000006b135000 	D:\Program Files\Java\jre7\bin\zip.dll
0x0000000065f50000 - 0x00000000660e3000 	D:\Program Files\Java\jre7\bin\awt.dll
0x000007feff1d0000 - 0x000007feff2a7000 	C:\Windows\system32\OLEAUT32.dll
0x000007fefdbe0000 - 0x000007fefdde3000 	C:\Windows\system32\ole32.dll
0x000007fefb7c0000 - 0x000007fefb7d8000 	C:\Windows\system32\DWMAPI.DLL
0x000007fefbba0000 - 0x000007fefbbf6000 	C:\Windows\system32\uxtheme.dll
0x0000000180000000 - 0x0000000180014000 	D:\Program Files (x86)\kingsoft\kingsoft antivirus\kwsui64.dll
0x000007fefd420000 - 0x000007fefd477000 	C:\Windows\system32\apphelp.dll
0x000007fef97e0000 - 0x000007fef9ce4000 	C:\Windows\system32\SOGOUPY.IME
0x000007fefa590000 - 0x000007fefa597000 	C:\Windows\system32\MSIMG32.dll
0x000007fefc660000 - 0x000007fefc66c000 	C:\Windows\system32\VERSION.dll
0x000007fefddf0000 - 0x000007fefeb78000 	C:\Windows\system32\SHELL32.dll
0x000007fefd480000 - 0x000007fefd48f000 	C:\Windows\system32\CRYPTBASE.dll
0x000007fef8d70000 - 0x000007fef8e42000 	C:\Program Files (x86)\SogouInput\Components\PicFace\1.0.0.792\PicFace64.dll
0x000007fefc3e0000 - 0x000007fefc40d000 	C:\Windows\system32\ntmarta.dll
0x000007fefef80000 - 0x000007fefefd2000 	C:\Windows\system32\WLDAP32.dll
0x000007fef8cf0000 - 0x000007fef8d66000 	C:\Program Files (x86)\SogouInput\Components\AddressSearch\1.0.0.1255\AddressSearch64.dll
0x000007fefa6f0000 - 0x000007fefa744000 	C:\Windows\system32\OLEACC.dll
0x0000000076e70000 - 0x0000000076fcb000 	C:\Windows\system32\WININET.dll
0x00000000772b0000 - 0x00000000772b3000 	C:\Windows\system32\Normaliz.dll
0x0000000076b60000 - 0x0000000076d70000 	C:\Windows\system32\iertutil.dll
0x0000000076a10000 - 0x0000000076b5d000 	C:\Windows\system32\urlmon.dll
0x000000006a8c0000 - 0x000000006a8fe000 	D:\Program Files\Java\jre7\bin\fontmanager.dll
0x000007fefeb80000 - 0x000007fefec19000 	C:\Windows\system32\CLBCatQ.DLL
0x000007fefb500000 - 0x000007fefb62a000 	C:\Windows\system32\WindowsCodecs.dll
0x000007fefb8a0000 - 0x000007fefb971000 	D:\Klive\kuaipanshellext64.dll
0x000007fefbe60000 - 0x000007fefbe69000 	C:\Windows\system32\FLTLIB.DLL
0x000007fefb980000 - 0x000007fefbb96000 	C:\Windows\WinSxS\amd64_microsoft.windows.gdiplus_6595b64144ccf1df_1.1.7601.18120_none_2b25b14c71ebf230\gdiplus.dll
0x0000000073fb0000 - 0x0000000073fc6000 	C:\Program Files\Common Files\TortoiseOverlays\TortoiseOverlays.dll
0x0000000073fa0000 - 0x0000000073fb0000 	D:\Program Files\TortoiseSVN\bin\TortoiseStub.dll
0x0000000073f20000 - 0x0000000073f9b000 	D:\Program Files\TortoiseSVN\bin\TortoiseSVN.dll
0x000007fef7b40000 - 0x000007fef7f29000 	D:\Program Files\TortoiseSVN\bin\libsvn_tsvn.dll
0x00000000722f0000 - 0x000000007231b000 	D:\Program Files\TortoiseSVN\bin\libapr_tsvn.dll
0x000007fefcdc0000 - 0x000007fefce15000 	C:\Windows\system32\MSWSOCK.dll
0x00000000721c0000 - 0x0000000072201000 	D:\Program Files\TortoiseSVN\bin\libaprutil_tsvn.dll
0x000007fef8ce0000 - 0x000007fef8cf0000 	D:\Program Files\TortoiseSVN\bin\intl3_tsvn.dll
0x000007fef8cc0000 - 0x000007fef8cda000 	D:\Program Files\TortoiseSVN\bin\libsasl.dll
0x000007fefd230000 - 0x000007fefd23b000 	C:\Windows\system32\Secur32.dll
0x000007fefd3f0000 - 0x000007fefd415000 	C:\Windows\system32\SSPICLI.DLL
0x000007fefd740000 - 0x000007fefd8ac000 	C:\Windows\system32\CRYPT32.dll
0x000007fefd5f0000 - 0x000007fefd5ff000 	C:\Windows\system32\MSASN1.dll
0x0000000072120000 - 0x00000000721b8000 	C:\Windows\system32\MSVCP100.dll
0x000007fefb7f0000 - 0x000007fefb825000 	C:\Windows\system32\EhStorShell.dll
0x000007fefd980000 - 0x000007fefdb57000 	C:\Windows\system32\SETUPAPI.dll
0x000007fefd600000 - 0x000007fefd636000 	C:\Windows\system32\CFGMGR32.dll
0x000007fefd720000 - 0x000007fefd73a000 	C:\Windows\system32\DEVOBJ.dll
0x000007fefc260000 - 0x000007fefc38c000 	C:\Windows\system32\PROPSYS.dll
0x000000006b0c0000 - 0x000000006b0d9000 	D:\Program Files\Java\jre7\bin\net.dll
0x000007fefcdb0000 - 0x000007fefcdb7000 	C:\Windows\System32\wship6.dll
0x000000006b020000 - 0x000000006b031000 	D:\Program Files\Java\jre7\bin\nio.dll
0x000000006a7c0000 - 0x000000006a801000 	D:\Program Files\Java\jre7\bin\t2k.dll
0x000000000a8b0000 - 0x000000000a92c000 	C:\Program Files (x86)\SogouInput\6.5.0.8433\Resource.dll
0x000007feefa20000 - 0x000007feefa4b000 	D:\Program Files\Java\jdk\jre\bin\Jpcap.dll
0x000000000ae70000 - 0x000000000aed5000 	C:\Windows\system32\wpcap.dll
0x000000000aff0000 - 0x000000000b00f000 	C:\Windows\system32\packet.dll
0x000007fefb190000 - 0x000007fefb1b7000 	C:\Windows\system32\iphlpapi.dll
0x000007fefb180000 - 0x000007fefb18b000 	C:\Windows\system32\WINNSI.DLL
0x000007fefaf90000 - 0x000007fefafa1000 	C:\Windows\system32\dhcpcsvc6.DLL
0x000007fefaf70000 - 0x000007fefaf88000 	C:\Windows\system32\dhcpcsvc.DLL
0x000000006a890000 - 0x000000006a8ba000 	D:\Program Files\Java\jre7\bin\dcpr.dll
0x000007fef3e40000 - 0x000007fef3f65000 	C:\Windows\system32\dbghelp.dll

VM Arguments:
jvm_args: -Dfile.encoding=GBK 
java_command: CapturePackage.CaptureFrame
Launcher Type: SUN_STANDARD

Environment Variables:
JAVA_HOME=D:\Program Files\Java\jdk
CLASSPATH=.;D:\Program Files\Java\jdk\lib;D:\Program Files\Java\jdk\lib\dt.jar;D:\Program Files\Java\jdk\lib\tools.jar
PATH=D:/Program Files/Java/jdk/bin/../jre/bin/server;D:/Program Files/Java/jdk/bin/../jre/bin;D:/Program Files/Java/jdk/bin/../jre/lib/amd64;D:\Program Files (x86)\SPSSInc\Clementine12.0\bin\;D:\Program Files\Java\jdk\bin;D:\Program Files\Java\jdk\jre\bin;C:\Program Files (x86)\AMD APP\bin\x86_64;C:\Program Files (x86)\AMD APP\bin\x86;C:\Windows\system32;C:\Windows;C:\Windows\System32\Wbem;C:\Windows\System32\WindowsPowerShell\v1.0\;C:\Program Files (x86)\ATI Technologies\ATI.ACE\Core-Static;D:\Program Files\TortoiseSVN\bin;C:\Program Files (x86)\Intel\OpenCL SDK\2.0\bin\x86;C:\Program Files (x86)\Intel\OpenCL SDK\2.0\bin\x64;C:\Program Files (x86)\Microsoft SQL Server\90\Tools\binn\;C:\Program Files (x86)\Autodesk\Backburner\;C:\Program Files\Common Files\Autodesk Shared\;C:\Program Files (x86)\Microsoft SQL Server\100\Tools\Binn\;C:\Program Files\Microsoft SQL Server\100\Tools\Binn\;C:\Program Files\Microsoft SQL Server\100\DTS\Binn\;C:\Program Files (x86)\Microsoft SQL Server\100\Tools\Binn\VSShell\Common7\IDE\;C:\Program Files (x86)\Microsoft SQL Server\100\DTS\Binn\;C:\Program Files (x86)\Microsoft Visual Studio 9.0\Common7\IDE\PrivateAssemblies\;D:\Program Files (x86)\eclipse;
USERNAME=Administrator
OS=Windows_NT
PROCESSOR_IDENTIFIER=Intel64 Family 6 Model 58 Stepping 9, GenuineIntel



---------------  S Y S T E M  ---------------

OS: Windows 7 , 64 bit Build 7601 Service Pack 1

CPU:total 4 (2 cores per cpu, 2 threads per core) family 6 model 58 stepping 9, cmov, cx8, fxsr, mmx, sse, sse2, sse3, ssse3, sse4.1, sse4.2, popcnt, avx, ht, tsc, tscinvbit, tscinv

Memory: 4k page, physical 4090224k(877128k free), swap 8178584k(3693640k free)

vm_info: Java HotSpot(TM) 64-Bit Server VM (23.21-b01) for windows-amd64 JRE (1.7.0_21-b11), built on Apr  4 2013 08:11:28 by "java_re" with unknown MS VC++:1600

time: Tue Jan 07 20:06:13 2014
elapsed time: 97 seconds

