#
# A fatal error has been detected by the Java Runtime Environment:
#
#  EXCEPTION_ACCESS_VIOLATION (0xc0000005) at pc=0x0000000052401443, pid=7556, tid=2380
#
# JRE version: 7.0_21-b11
# Java VM: Java HotSpot(TM) 64-Bit Server VM (23.21-b01 mixed mode windows-amd64 compressed oops)
# Problematic frame:
# V  [jvm.dll+0x1b1443]
#
# Failed to write core dump. Minidumps are not enabled by default on client versions of Windows
#
# If you would like to submit a bug report, please visit:
#   http://bugreport.sun.com/bugreport/crash.jsp
#

---------------  T H R E A D  ---------------

Current thread (0x0000000010de0800):  JavaThread "Thread-4" [_thread_in_vm, id=2380, stack(0x0000000011a40000,0x0000000011b40000)]

siginfo: ExceptionCode=0xc0000005, reading address 0x0000000000000001

Registers:
RAX=0x0000000000000001, RBX=0x000000000037bb00, RCX=0x0000000002594e50, RDX=0x00000000eb4967e0
RSP=0x0000000011b3f640, RBP=0x00000000eb4967e0, RSI=0x0000000010ddc730, RDI=0x0000000002594e50
R8 =0x0000000000000000, R9 =0x00000000eb951558, R10=0x000000000000001a, R11=0x000000000ac1ec38
R12=0x0000000010de09d8, R13=0x0000000000000000, R14=0x0000000011b3f7f0, R15=0x0000000010de0800
RIP=0x0000000052401443, EFLAGS=0x0000000000010202

Top of Stack: (sp=0x0000000011b3f640)
0x0000000011b3f640:   000000000037bb00 0000000052401eb5
0x0000000011b3f650:   0000000010de0800 000000005234f34f
0x0000000011b3f660:   000007fef6520000 00000000eb4967e0
0x0000000011b3f670:   00000000eb4967e0 0000000052401571
0x0000000011b3f680:   000000000037bb00 0000000010ddc730
0x0000000011b3f690:   0000000010de09d8 0000000200000004
0x0000000011b3f6a0:   0000000010de0800 00000000523459cd
0x0000000011b3f6b0:   000000000ac1ec38 000000000ac1ec38
0x0000000011b3f6c0:   00000000116f85d0 0000000052345b60
0x0000000011b3f6d0:   0000000010de0800 0000000000000000
0x0000000011b3f6e0:   0000000010de09d8 0000000011b3f7f0
0x0000000011b3f6f0:   0000000000000005 000007fef6521c43
0x0000000011b3f700:   00000000528acbf0 0000000000000001
0x0000000011b3f710:   0000000011b3f7e0 0000000000000001
0x0000000011b3f720:   00000000bcf3b368 0000000000000000
0x0000000011b3f730:   0000000002986374 00000000029923a8 

Instructions: (pc=0x0000000052401443)
0x0000000052401423:   10 01 00 00 48 85 db 75 08 49 8b ed e9 cd fe ff
0x0000000052401433:   ff 48 8b 2b e9 c5 fe ff ff 48 8b 87 20 01 00 00
0x0000000052401443:   48 8b 08 48 89 8f 20 01 00 00 eb 16 48 63 88 00
0x0000000052401453:   01 00 00 48 8b d0 48 8d 04 c8 ff c1 89 8a 00 01 


Register to memory mapping:

RAX=0x0000000000000001 is an unknown value
RBX=0x000000000037bb00 is an unknown value
RCX=0x0000000002594e50 is a global jni handle
RDX=0x00000000eb4967e0 is an oop
CapturePackage.CaptureFrame$5 
 - klass: 'CapturePackage/CaptureFrame$5'
RSP=0x0000000011b3f640 is pointing into the stack for thread: 0x0000000010de0800
RBP=0x00000000eb4967e0 is an oop
CapturePackage.CaptureFrame$5 
 - klass: 'CapturePackage/CaptureFrame$5'
RSI=0x0000000010ddc730 is an unknown value
RDI=0x0000000002594e50 is a global jni handle
R8 =0x0000000000000000 is an unknown value
R9 =0x00000000eb951558 is an oop
jpcap.JpcapCaptor 
 - klass: 'jpcap/JpcapCaptor'
R10=0x000000000000001a is an unknown value
R11=0x000000000ac1ec38 is an unknown value
R12=0x0000000010de09d8 is an unknown value
R13=0x0000000000000000 is an unknown value
R14=0x0000000011b3f7f0 is pointing into the stack for thread: 0x0000000010de0800
R15=0x0000000010de0800 is a thread


Stack: [0x0000000011a40000,0x0000000011b40000],  sp=0x0000000011b3f640,  free space=1021k
Native frames: (J=compiled Java code, j=interpreted, Vv=VM code, C=native code)
V  [jvm.dll+0x1b1443]

Java frames: (J=compiled Java code, j=interpreted, Vv=VM code)
j  jpcap.JpcapCaptor.processPacket(ILjpcap/PacketReceiver;)I+0
j  CapturePackage.CaptureFrame$1$1.run()V+24
j  java.lang.Thread.run()V+11
v  ~StubRoutines::call_stub

---------------  P R O C E S S  ---------------

Java Threads: ( => current thread )
  0x0000000010d7e800 JavaThread "Thread-7" [_thread_blocked, id=4544, stack(0x000000000eef0000,0x000000000eff0000)]
  0x0000000010de4000 JavaThread "Thread-6" [_thread_blocked, id=7604, stack(0x000000000faa0000,0x000000000fba0000)]
  0x0000000010de1800 JavaThread "Thread-5" [_thread_blocked, id=7256, stack(0x0000000011b90000,0x0000000011c90000)]
=>0x0000000010de0800 JavaThread "Thread-4" [_thread_in_vm, id=2380, stack(0x0000000011a40000,0x0000000011b40000)]
  0x0000000010dbb000 JavaThread "Thread-3" [_thread_blocked, id=9212, stack(0x000000000fc20000,0x000000000fd20000)]
  0x0000000010d21000 JavaThread "Thread-2" [_thread_blocked, id=8380, stack(0x0000000011930000,0x0000000011a30000)]
  0x000000000af88000 JavaThread "TimerQueue" daemon [_thread_blocked, id=8172, stack(0x0000000011440000,0x0000000011540000)]
  0x000000000037d000 JavaThread "DestroyJavaVM" [_thread_blocked, id=1044, stack(0x0000000002880000,0x0000000002980000)]
  0x000000000ad69800 JavaThread "AWT-EventQueue-0" [_thread_blocked, id=8828, stack(0x0000000010100000,0x0000000010200000)]
  0x000000000ad26800 JavaThread "AWT-Windows" daemon [_thread_in_native, id=8048, stack(0x000000000aff0000,0x000000000b0f0000)]
  0x000000000ad22000 JavaThread "AWT-Shutdown" [_thread_blocked, id=8956, stack(0x000000000b2b0000,0x000000000b3b0000)]
  0x000000000ad21000 JavaThread "Java2D Disposer" daemon [_thread_blocked, id=8112, stack(0x000000000b180000,0x000000000b280000)]
  0x0000000008f55000 JavaThread "Service Thread" daemon [_thread_blocked, id=9152, stack(0x000000000a9c0000,0x000000000aac0000)]
  0x0000000008f53000 JavaThread "C2 CompilerThread1" daemon [_thread_blocked, id=6968, stack(0x0000000009f20000,0x000000000a020000)]
  0x0000000008f3b800 JavaThread "C2 CompilerThread0" daemon [_thread_blocked, id=8576, stack(0x000000000a830000,0x000000000a930000)]
  0x0000000008f3a800 JavaThread "Attach Listener" daemon [_thread_blocked, id=8796, stack(0x000000000a6b0000,0x000000000a7b0000)]
  0x0000000008f33800 JavaThread "Signal Dispatcher" daemon [_thread_blocked, id=8832, stack(0x000000000a570000,0x000000000a670000)]
  0x00000000025a0000 JavaThread "Finalizer" daemon [_thread_blocked, id=1152, stack(0x000000000a3b0000,0x000000000a4b0000)]
  0x000000000259e800 JavaThread "Reference Handler" daemon [_thread_blocked, id=4404, stack(0x000000000a210000,0x000000000a310000)]

Other Threads:
  0x0000000008e93000 VMThread [stack: 0x000000000a050000,0x000000000a150000] [id=7140]
  0x0000000008f6d800 WatcherThread [stack: 0x000000000aac0000,0x000000000abc0000] [id=7664]

VM state:not at safepoint (normal execution)

VM Mutex/Monitor currently owned by a thread:  ([mutex/lock_event])
[0x000000000037bb00] JNIGlobalHandle_lock - owner thread: 0x0000000010de0800

Heap
 PSYoungGen      total 18688K, used 7012K [0x00000000eb2b0000, 0x00000000ec780000, 0x0000000100000000)
  eden space 16064K, 43% used [0x00000000eb2b0000,0x00000000eb9893e8,0x00000000ec260000)
  from space 2624K, 0% used [0x00000000ec4f0000,0x00000000ec4f0000,0x00000000ec780000)
  to   space 2624K, 0% used [0x00000000ec260000,0x00000000ec260000,0x00000000ec4f0000)
 ParOldGen       total 42624K, used 0K [0x00000000c1800000, 0x00000000c41a0000, 0x00000000eb2b0000)
  object space 42624K, 0% used [0x00000000c1800000,0x00000000c1800000,0x00000000c41a0000)
 PSPermGen       total 21248K, used 10339K [0x00000000bc600000, 0x00000000bdac0000, 0x00000000c1800000)
  object space 21248K, 48% used [0x00000000bc600000,0x00000000bd018df8,0x00000000bdac0000)

Card table byte_map: [0x0000000005980000,0x0000000005ba0000] byte_map_base: 0x000000000539d000

Polling page: 0x0000000000120000

Code Cache  [0x0000000002980000, 0x0000000002bf0000, 0x0000000005980000)
 total_blobs=469 nmethods=43 adapters=377 free_code_cache=48590Kb largest_free_block=49727808

Compilation events (10 events):
Event: 24.930 Thread 0x0000000008f3b800   38             java.util.concurrent.locks.AbstractQueuedSynchronizer::compareAndSetState (13 bytes)
Event: 24.931 Thread 0x0000000008f3b800 nmethod 38 0x0000000002a0c750 code [0x0000000002a0c880, 0x0000000002a0c8d8]
Event: 25.091 Thread 0x0000000008f53000   39             java.util.concurrent.locks.AbstractQueuedSynchronizer::release (33 bytes)
Event: 25.091 Thread 0x0000000008f3b800   40             java.util.concurrent.locks.ReentrantLock$Sync::tryRelease (45 bytes)
Event: 25.093 Thread 0x0000000008f3b800 nmethod 40 0x0000000002a0b210 code [0x0000000002a0b340, 0x0000000002a0b3d8]
Event: 25.096 Thread 0x0000000008f53000 nmethod 39 0x0000000002a0add0 code [0x0000000002a0af20, 0x0000000002a0b0c8]
Event: 25.170 Thread 0x0000000008f3b800   41             java.util.EventObject::getSource (5 bytes)
Event: 25.171 Thread 0x0000000008f3b800 nmethod 41 0x0000000002a0c550 code [0x0000000002a0c680, 0x0000000002a0c6d8]
Event: 43.269 Thread 0x0000000008f53000   42             CapturePackage.CaptureFrame$1::access$0 (5 bytes)
Event: 43.270 Thread 0x0000000008f53000 nmethod 42 0x0000000002a0abd0 code [0x0000000002a0ad00, 0x0000000002a0ad58]

GC Heap History (0 events):
No events

Deoptimization events (4 events):
Event: 6.424 Thread 0x000000000ad69800 Uncommon trap -34 fr.pc 0x00000000029f67c4
Event: 6.424 Thread 0x000000000ad69800 Uncommon trap -34 fr.pc 0x00000000029f67c4
Event: 6.425 Thread 0x000000000ad69800 Uncommon trap -34 fr.pc 0x00000000029f67c4
Event: 6.425 Thread 0x000000000ad69800 Uncommon trap -34 fr.pc 0x00000000029f67c4

Internal exceptions (10 events):
Event: 0.202 Thread 0x000000000037d000 Threw 0x00000000eb498f38 at C:\jdk7u2_64p\jdk7u21\hotspot\src\share\vm\prims\jvm.cpp:1166
Event: 0.202 Thread 0x000000000037d000 Threw 0x00000000eb49a778 at C:\jdk7u2_64p\jdk7u21\hotspot\src\share\vm\prims\jvm.cpp:1166
Event: 0.203 Thread 0x000000000037d000 Threw 0x00000000eb49bf88 at C:\jdk7u2_64p\jdk7u21\hotspot\src\share\vm\prims\jvm.cpp:1166
Event: 0.226 Thread 0x000000000037d000 Threw 0x00000000eb4bf058 at C:\jdk7u2_64p\jdk7u21\hotspot\src\share\vm\prims\jni.cpp:716
Event: 0.226 Thread 0x000000000037d000 Threw 0x00000000eb4bf4c0 at C:\jdk7u2_64p\jdk7u21\hotspot\src\share\vm\interpreter\linkResolver.cpp:805
Event: 0.234 Thread 0x000000000037d000 Threw 0x00000000eb5345c8 at C:\jdk7u2_64p\jdk7u21\hotspot\src\share\vm\prims\jvm.cpp:1166
Event: 0.234 Thread 0x000000000037d000 Threw 0x00000000eb535238 at C:\jdk7u2_64p\jdk7u21\hotspot\src\share\vm\prims\jvm.cpp:1166
Event: 0.236 Thread 0x000000000037d000 Threw 0x00000000eb538570 at C:\jdk7u2_64p\jdk7u21\hotspot\src\share\vm\prims\jvm.cpp:1166
Event: 0.236 Thread 0x000000000037d000 Threw 0x00000000eb5391e0 at C:\jdk7u2_64p\jdk7u21\hotspot\src\share\vm\prims\jvm.cpp:1166
Event: 1.823 Thread 0x000000000ad69800 Threw 0x00000000eb840f98 at C:\jdk7u2_64p\jdk7u21\hotspot\src\share\vm\prims\jvm.cpp:1166

Events (10 events):
Event: 26.759 loading class 0x000000000abdf260
Event: 26.759 loading class 0x000000000abdf260 done
Event: 26.759 loading class 0x000000000abe3b10
Event: 26.760 loading class 0x000000000abe3b10 done
Event: 26.760 loading class 0x000000000ac14a80
Event: 26.760 loading class 0x000000000ad29280
Event: 26.760 loading class 0x000000000ad29280 done
Event: 26.760 loading class 0x0000000010ddd510
Event: 26.760 loading class 0x0000000010ddd510 done
Event: 26.760 loading class 0x000000000ac14a80 done


Dynamic libraries:
0x000000013ff20000 - 0x000000013ff53000 	D:\Program Files\Java\jre7\bin\javaw.exe
0x0000000076cf0000 - 0x0000000076e99000 	C:\Windows\SYSTEM32\ntdll.dll
0x0000000076a70000 - 0x0000000076b8f000 	C:\Windows\system32\kernel32.dll
0x000007fefd320000 - 0x000007fefd38b000 	C:\Windows\system32\KERNELBASE.dll
0x000007fefd760000 - 0x000007fefd83b000 	C:\Windows\system32\ADVAPI32.dll
0x000007fefd520000 - 0x000007fefd5bf000 	C:\Windows\system32\msvcrt.dll
0x000007fefd5c0000 - 0x000007fefd5df000 	C:\Windows\SYSTEM32\sechost.dll
0x000007fefee60000 - 0x000007fefef8d000 	C:\Windows\system32\RPCRT4.dll
0x0000000076610000 - 0x000000007670a000 	C:\Windows\system32\USER32.dll
0x000007fefef90000 - 0x000007fefeff7000 	C:\Windows\system32\GDI32.dll
0x000007fefd640000 - 0x000007fefd64e000 	C:\Windows\system32\LPK.dll
0x000007fefd890000 - 0x000007fefd959000 	C:\Windows\system32\USP10.dll
0x000007fefb9f0000 - 0x000007fefbbe4000 	C:\Windows\WinSxS\amd64_microsoft.windows.common-controls_6595b64144ccf1df_6.0.7601.17514_none_fa396087175ac9ac\COMCTL32.dll
0x000007fefede0000 - 0x000007fefee51000 	C:\Windows\system32\SHLWAPI.dll
0x000007fefec50000 - 0x000007fefec7e000 	C:\Windows\system32\IMM32.DLL
0x000007fefd650000 - 0x000007fefd759000 	C:\Windows\system32\MSCTF.dll
0x0000000061770000 - 0x0000000061841000 	D:\Program Files\Java\jre7\bin\msvcr100.dll
0x0000000052250000 - 0x0000000052971000 	D:\Program Files\Java\jre7\bin\server\jvm.dll
0x000007fef8b00000 - 0x000007fef8b09000 	C:\Windows\system32\WSOCK32.dll
0x000007fefd840000 - 0x000007fefd88d000 	C:\Windows\system32\WS2_32.dll
0x000007fefd960000 - 0x000007fefd968000 	C:\Windows\system32\NSI.dll
0x000007fefb430000 - 0x000007fefb46b000 	C:\Windows\system32\WINMM.dll
0x0000000076ec0000 - 0x0000000076ec7000 	C:\Windows\system32\PSAPI.DLL
0x0000000071590000 - 0x000000007159f000 	D:\Program Files\Java\jre7\bin\verify.dll
0x0000000071560000 - 0x0000000071588000 	D:\Program Files\Java\jre7\bin\java.dll
0x0000000071540000 - 0x0000000071555000 	D:\Program Files\Java\jre7\bin\zip.dll
0x00000000615d0000 - 0x0000000061763000 	D:\Program Files\Java\jre7\bin\awt.dll
0x000007fefec80000 - 0x000007fefed57000 	C:\Windows\system32\OLEAUT32.dll
0x000007fefea40000 - 0x000007fefec43000 	C:\Windows\system32\ole32.dll
0x000007fefb3c0000 - 0x000007fefb3d8000 	C:\Windows\system32\DWMAPI.DLL
0x000007fefbc10000 - 0x000007fefbc66000 	C:\Windows\system32\uxtheme.dll
0x000007fefd020000 - 0x000007fefd077000 	C:\Windows\system32\apphelp.dll
0x000007fef7720000 - 0x000007fef7c24000 	C:\Windows\system32\SOGOUPY.IME
0x000007fefae40000 - 0x000007fefae47000 	C:\Windows\system32\MSIMG32.dll
0x000007fefc260000 - 0x000007fefc26c000 	C:\Windows\system32\VERSION.dll
0x000007fefdc90000 - 0x000007fefea18000 	C:\Windows\system32\SHELL32.dll
0x000007fefd080000 - 0x000007fefd08f000 	C:\Windows\system32\CRYPTBASE.dll
0x000007fef6ba0000 - 0x000007fef6c72000 	C:\Program Files (x86)\SogouInput\Components\PicFace\1.0.0.792\PicFace64.dll
0x000007fefc230000 - 0x000007fefc25d000 	C:\Windows\system32\ntmarta.dll
0x000007fefd5e0000 - 0x000007fefd632000 	C:\Windows\system32\WLDAP32.dll
0x000007fef8790000 - 0x000007fef8806000 	C:\Program Files (x86)\SogouInput\Components\AddressSearch\1.0.0.1233\AddressSearch64.dll
0x000007fefaf10000 - 0x000007fefaf64000 	C:\Windows\system32\OLEACC.dll
0x0000000076b90000 - 0x0000000076ceb000 	C:\Windows\system32\WININET.dll
0x0000000076eb0000 - 0x0000000076eb3000 	C:\Windows\system32\Normaliz.dll
0x0000000076710000 - 0x0000000076920000 	C:\Windows\system32\iertutil.dll
0x0000000076920000 - 0x0000000076a6d000 	C:\Windows\system32\urlmon.dll
0x00000000714c0000 - 0x00000000714fe000 	D:\Program Files\Java\jre7\bin\fontmanager.dll
0x000007fefd970000 - 0x000007fefda09000 	C:\Windows\system32\CLBCatQ.DLL
0x000007fefb250000 - 0x000007fefb37a000 	C:\Windows\system32\WindowsCodecs.dll
0x000007fefc140000 - 0x000007fefc22d000 	D:\Klive\kuaipanshellext64.dll
0x000007fefc130000 - 0x000007fefc139000 	C:\Windows\system32\FLTLIB.DLL
0x000007fefb650000 - 0x000007fefb866000 	C:\Windows\WinSxS\amd64_microsoft.windows.gdiplus_6595b64144ccf1df_1.1.7601.18120_none_2b25b14c71ebf230\gdiplus.dll
0x0000000071ae0000 - 0x0000000071af6000 	C:\Program Files\Common Files\TortoiseOverlays\TortoiseOverlays.dll
0x00000000726f0000 - 0x0000000072700000 	D:\Program Files\TortoiseSVN\bin\TortoiseStub.dll
0x0000000071a60000 - 0x0000000071adb000 	D:\Program Files\TortoiseSVN\bin\TortoiseSVN.dll
0x000007fef72a0000 - 0x000007fef7689000 	D:\Program Files\TortoiseSVN\bin\libsvn_tsvn.dll
0x0000000072570000 - 0x000000007259b000 	D:\Program Files\TortoiseSVN\bin\libapr_tsvn.dll
0x000007fefc9c0000 - 0x000007fefca15000 	C:\Windows\system32\MSWSOCK.dll
0x0000000072520000 - 0x0000000072561000 	D:\Program Files\TortoiseSVN\bin\libaprutil_tsvn.dll
0x000007fef8780000 - 0x000007fef8790000 	D:\Program Files\TortoiseSVN\bin\intl3_tsvn.dll
0x000007fef8760000 - 0x000007fef877a000 	D:\Program Files\TortoiseSVN\bin\libsasl.dll
0x000007fefce30000 - 0x000007fefce3b000 	C:\Windows\system32\Secur32.dll
0x000007fefcff0000 - 0x000007fefd015000 	C:\Windows\system32\SSPICLI.DLL
0x000007fefd3b0000 - 0x000007fefd51c000 	C:\Windows\system32\CRYPT32.dll
0x000007fefd1f0000 - 0x000007fefd1ff000 	C:\Windows\system32\MSASN1.dll
0x00000000720b0000 - 0x0000000072148000 	C:\Windows\system32\MSVCP100.dll
0x000007fef7200000 - 0x000007fef7235000 	C:\Windows\system32\EhStorShell.dll
0x000007fefda10000 - 0x000007fefdbe7000 	C:\Windows\system32\SETUPAPI.dll
0x000007fefd2e0000 - 0x000007fefd316000 	C:\Windows\system32\CFGMGR32.dll
0x000007fefd390000 - 0x000007fefd3aa000 	C:\Windows\system32\DEVOBJ.dll
0x000007fefb870000 - 0x000007fefb99c000 	C:\Windows\system32\PROPSYS.dll
0x0000000071520000 - 0x0000000071539000 	D:\Program Files\Java\jre7\bin\net.dll
0x000007fefc9b0000 - 0x000007fefc9b7000 	C:\Windows\System32\wship6.dll
0x0000000061bb0000 - 0x0000000061bc1000 	D:\Program Files\Java\jre7\bin\nio.dll
0x0000000061580000 - 0x00000000615c1000 	D:\Program Files\Java\jre7\bin\t2k.dll
0x000000000a4b0000 - 0x000000000a52c000 	C:\Program Files (x86)\SogouInput\6.5.0.8433\Resource.dll
0x000007fef6520000 - 0x000007fef654b000 	D:\Program Files\Java\jdk\jre\bin\Jpcap.dll
0x0000000180000000 - 0x0000000180065000 	C:\Windows\system32\wpcap.dll
0x000000000a530000 - 0x000000000a54f000 	C:\Windows\system32\packet.dll
0x000007fefaa20000 - 0x000007fefaa47000 	C:\Windows\system32\iphlpapi.dll
0x000007fefa900000 - 0x000007fefa90b000 	C:\Windows\system32\WINNSI.DLL
0x000007fefa770000 - 0x000007fefa781000 	C:\Windows\system32\dhcpcsvc6.DLL
0x000007fefa750000 - 0x000007fefa768000 	C:\Windows\system32\dhcpcsvc.DLL
0x0000000061b80000 - 0x0000000061baa000 	D:\Program Files\Java\jre7\bin\dcpr.dll
0x000007fef11d0000 - 0x000007fef12f5000 	C:\Windows\system32\dbghelp.dll

VM Arguments:
jvm_args: -Dfile.encoding=GBK 
java_command: CapturePackage.CaptureFrame
Launcher Type: SUN_STANDARD

Environment Variables:
JAVA_HOME=D:\Program Files\Java\jdk
CLASSPATH=.;D:\Program Files\Java\jdk\lib;D:\Program Files\Java\jdk\lib\dt.jar;D:\Program Files\Java\jdk\lib\tools.jar
PATH=D:/Program Files/Java/jdk/bin/../jre/bin/server;D:/Program Files/Java/jdk/bin/../jre/bin;D:/Program Files/Java/jdk/bin/../jre/lib/amd64;D:\Program Files\Java\jdk\bin;D:\Program Files\Java\jdk\jre\bin;C:\Program Files (x86)\AMD APP\bin\x86_64;C:\Program Files (x86)\AMD APP\bin\x86;C:\Windows\system32;C:\Windows;C:\Windows\System32\Wbem;C:\Windows\System32\WindowsPowerShell\v1.0\;C:\Program Files (x86)\ATI Technologies\ATI.ACE\Core-Static;D:\Program Files\TortoiseSVN\bin;C:\Program Files (x86)\Intel\OpenCL SDK\2.0\bin\x86;C:\Program Files (x86)\Intel\OpenCL SDK\2.0\bin\x64;C:\Program Files (x86)\Microsoft SQL Server\90\Tools\binn\;C:\Program Files (x86)\Autodesk\Backburner\;C:\Program Files\Common Files\Autodesk Shared\;C:\Program Files (x86)\Microsoft SQL Server\100\Tools\Binn\;C:\Program Files\Microsoft SQL Server\100\Tools\Binn\;C:\Program Files\Microsoft SQL Server\100\DTS\Binn\;C:\Program Files (x86)\Microsoft SQL Server\100\Tools\Binn\VSShell\Common7\IDE\;C:\Program Files (x86)\Microsoft SQL Server\100\DTS\Binn\;C:\Program Files (x86)\Microsoft Visual Studio 9.0\Common7\IDE\PrivateAssemblies\;D:\Program Files (x86)\eclipse;
USERNAME=Administrator
OS=Windows_NT
PROCESSOR_IDENTIFIER=Intel64 Family 6 Model 58 Stepping 9, GenuineIntel



---------------  S Y S T E M  ---------------

OS: Windows 7 , 64 bit Build 7601 Service Pack 1

CPU:total 4 (2 cores per cpu, 2 threads per core) family 6 model 58 stepping 9, cmov, cx8, fxsr, mmx, sse, sse2, sse3, ssse3, sse4.1, sse4.2, popcnt, avx, ht, tsc, tscinvbit, tscinv

Memory: 4k page, physical 4090224k(1019764k free), swap 8178588k(3308172k free)

vm_info: Java HotSpot(TM) 64-Bit Server VM (23.21-b01) for windows-amd64 JRE (1.7.0_21-b11), built on Apr  4 2013 08:11:28 by "java_re" with unknown MS VC++:1600

time: Wed Nov 13 15:05:19 2013
elapsed time: 77 seconds

