#
# A fatal error has been detected by the Java Runtime Environment:
#
#  EXCEPTION_ACCESS_VIOLATION (0xc0000005) at pc=0x000000005534459e, pid=6392, tid=7380
#
# JRE version: 7.0_21-b11
# Java VM: Java HotSpot(TM) 64-Bit Server VM (23.21-b01 mixed mode windows-amd64 compressed oops)
# Problematic frame:
# V  [jvm.dll+0x10459e]
#
# Failed to write core dump. Minidumps are not enabled by default on client versions of Windows
#
# If you would like to submit a bug report, please visit:
#   http://bugreport.sun.com/bugreport/crash.jsp
# The crash happened outside the Java Virtual Machine in native code.
# See problematic frame for where to report the bug.
#

---------------  T H R E A D  ---------------

Current thread (0x000000000ac92800):  JavaThread "Thread-3" [_thread_in_native, id=7380, stack(0x0000000013e90000,0x0000000013f90000)]

siginfo: ExceptionCode=0xc0000005, reading address 0x0000000000000000

Registers:
RAX=0x000000000ac6dcd8, RBX=0x0000000000000000, RCX=0x0000000000000000, RDX=0x000000000ac6e8e8
RSP=0x0000000013f8ef30, RBP=0x0000000013f8f030, RSI=0x00000000130c0380, RDI=0x0000000000000012
R8 =0x00000000130a2bf0, R9 =0x0000000000000001, R10=0x0000000000000000, R11=0x0000000013f8f098
R12=0x000000000ac6e4a0, R13=0x0000000000000000, R14=0x00000000130ef000, R15=0x000000000ac6e4b0
RIP=0x000000005534459e, EFLAGS=0x0000000000010202

Top of Stack: (sp=0x0000000013f8ef30)
0x0000000013f8ef30:   0000000000000000 0000000000000000
0x0000000013f8ef40:   000000000ac6e4b0 0000000013f8f1d8
0x0000000013f8ef50:   0000000013f8f1a8 00000000130ef000
0x0000000013f8ef60:   0000000000000011 000000000ac6e888
0x0000000013f8ef70:   0000000013f8f118 000000000ac6e8e8
0x0000000013f8ef80:   0000000013f8f0e8 00000000130ef1d8
0x0000000013f8ef90:   000000000ac6e4b0 0000000013f8f228
0x0000000013f8efa0:   0000000013f8f1f8 00000000130ef000
0x0000000013f8efb0:   000000000ac6e4a0 00000000130c0380
0x0000000013f8efc0:   00000000553efa90 00000000554e44c2
0x0000000013f8efd0:   0000000013f8f140 000000000000000c
0x0000000013f8efe0:   0000000000000014 000000000ac6e8e8
0x0000000013f8eff0:   000000000ac6e900 00000000553efdd5
0x0000000013f8f000:   0000000055759c08 00000000552b8711
0x0000000013f8f010:   0000000011e8be70 0000000013f8f0a0
0x0000000013f8f020:   00000000130ef000 000000000ac6dcd8 

Instructions: (pc=0x000000005534459e)
0x000000005534457e:   10 48 8d 55 a0 48 89 51 20 48 8b 54 24 48 c6 00
0x000000005534458e:   01 48 63 4d 08 48 8b 45 f8 48 89 14 c8 ff 45 08
0x000000005534459e:   48 8b 0b 48 8b 41 10 48 8b 49 18 0f b7 50 42 e8
0x00000000553445ae:   fe 7a f0 ff 48 8d 4c 24 60 48 8b d0 e8 d1 7c 0c 


Register to memory mapping:

RAX=0x000000000ac6dcd8 is an unknown value
RBX=0x0000000000000000 is an unknown value
RCX=0x0000000000000000 is an unknown value
RDX=0x000000000ac6e8e8 is an unknown value
RSP=0x0000000013f8ef30 is pointing into the stack for thread: 0x000000000ac92800
RBP=0x0000000013f8f030 is pointing into the stack for thread: 0x000000000ac92800
RSI=0x00000000130c0380 is an unknown value
RDI=0x0000000000000012 is an unknown value
R8 =0x00000000130a2bf0 is an unknown value
R9 =0x0000000000000001 is an unknown value
R10=0x0000000000000000 is an unknown value
R11=0x0000000013f8f098 is pointing into the stack for thread: 0x000000000ac92800
R12=0x000000000ac6e4a0 is an unknown value
R13=0x0000000000000000 is an unknown value
R14=0x00000000130ef000 is a thread
R15=0x000000000ac6e4b0 is an unknown value


Stack: [0x0000000013e90000,0x0000000013f90000],  sp=0x0000000013f8ef30,  free space=1019k
Native frames: (J=compiled Java code, j=interpreted, Vv=VM code, C=native code)
V  [jvm.dll+0x10459e]

Java frames: (J=compiled Java code, j=interpreted, Vv=VM code)
j  jpcap.JpcapCaptor.processPacket(ILjpcap/PacketReceiver;)I+0
j  CapturePackage.CaptureFrame$1$1.run()V+24
j  java.lang.Thread.run()V+11
v  ~StubRoutines::call_stub

---------------  P R O C E S S  ---------------

Java Threads: ( => current thread )
=>0x000000000ac92800 JavaThread "Thread-3" [_thread_in_native, id=7380, stack(0x0000000013e90000,0x0000000013f90000)]
  0x00000000130ef000 JavaThread "Thread-2" [_thread_in_vm, id=2372, stack(0x0000000013fa0000,0x00000000140a0000)]
  0x000000000affa800 JavaThread "TimerQueue" daemon [_thread_blocked, id=7344, stack(0x00000000122e0000,0x00000000123e0000)]
  0x000000000af36000 JavaThread "D3D Screen Updater" daemon [_thread_blocked, id=6536, stack(0x0000000011e90000,0x0000000011f90000)]
  0x000000000014d000 JavaThread "DestroyJavaVM" [_thread_blocked, id=7524, stack(0x0000000002650000,0x0000000002750000)]
  0x000000000adb4800 JavaThread "AWT-EventQueue-0" [_thread_blocked, id=2760, stack(0x00000000113d0000,0x00000000114d0000)]
  0x000000000ad82000 JavaThread "AWT-Windows" daemon [_thread_in_native, id=7332, stack(0x000000000b190000,0x000000000b290000)]
  0x000000000ad7d000 JavaThread "AWT-Shutdown" [_thread_blocked, id=7232, stack(0x000000000b070000,0x000000000b170000)]
  0x000000000ad7c000 JavaThread "Java2D Disposer" daemon [_thread_blocked, id=6608, stack(0x000000000a6e0000,0x000000000a7e0000)]
  0x0000000009034800 JavaThread "Service Thread" daemon [_thread_blocked, id=7652, stack(0x000000000a9f0000,0x000000000aaf0000)]
  0x0000000009030800 JavaThread "C2 CompilerThread1" daemon [_thread_blocked, id=5736, stack(0x000000000a840000,0x000000000a940000)]
  0x000000000902c000 JavaThread "C2 CompilerThread0" daemon [_thread_blocked, id=7452, stack(0x000000000a5e0000,0x000000000a6e0000)]
  0x000000000902a800 JavaThread "Attach Listener" daemon [_thread_blocked, id=3028, stack(0x000000000a430000,0x000000000a530000)]
  0x0000000009023000 JavaThread "Signal Dispatcher" daemon [_thread_blocked, id=6276, stack(0x000000000a2f0000,0x000000000a3f0000)]
  0x00000000025c5000 JavaThread "Finalizer" daemon [_thread_blocked, id=7724, stack(0x000000000a110000,0x000000000a210000)]
  0x00000000025be800 JavaThread "Reference Handler" daemon [_thread_blocked, id=6888, stack(0x0000000009fe0000,0x000000000a0e0000)]

Other Threads:
  0x0000000008f83000 VMThread [stack: 0x0000000009ec0000,0x0000000009fc0000] [id=6416]
  0x000000000904d800 WatcherThread [stack: 0x000000000ab20000,0x000000000ac20000] [id=7756]

VM state:not at safepoint (normal execution)

VM Mutex/Monitor currently owned by a thread: None

Heap
 PSYoungGen      total 18688K, used 6699K [0x00000000eb2b0000, 0x00000000ec780000, 0x0000000100000000)
  eden space 16064K, 41% used [0x00000000eb2b0000,0x00000000eb93af98,0x00000000ec260000)
  from space 2624K, 0% used [0x00000000ec4f0000,0x00000000ec4f0000,0x00000000ec780000)
  to   space 2624K, 0% used [0x00000000ec260000,0x00000000ec260000,0x00000000ec4f0000)
 ParOldGen       total 42624K, used 0K [0x00000000c1800000, 0x00000000c41a0000, 0x00000000eb2b0000)
  object space 42624K, 0% used [0x00000000c1800000,0x00000000c1800000,0x00000000c41a0000)
 PSPermGen       total 21248K, used 11959K [0x00000000bc600000, 0x00000000bdac0000, 0x00000000c1800000)
  object space 21248K, 56% used [0x00000000bc600000,0x00000000bd1adc40,0x00000000bdac0000)

Card table byte_map: [0x0000000005810000,0x0000000005a30000] byte_map_base: 0x000000000522d000

Polling page: 0x0000000000120000

Code Cache  [0x0000000002750000, 0x00000000029c0000, 0x0000000005750000)
 total_blobs=496 nmethods=30 adapters=417 free_code_cache=48582Kb largest_free_block=49728704

Compilation events (10 events):
Event: 17.185 Thread 0x000000000902c000   25             sun.java2d.pipe.RenderBuffer::putInt (26 bytes)
Event: 17.185 Thread 0x000000000902c000 nmethod 25 0x00000000027d71d0 code [0x00000000027d7300, 0x00000000027d7378]
Event: 19.828 Thread 0x000000000902c000   27             sun.awt.AppContext::getAppContext (59 bytes)
Event: 19.830 Thread 0x000000000902c000 nmethod 27 0x00000000027dc010 code [0x00000000027dc180, 0x00000000027dc278]
Event: 20.353 Thread 0x0000000009030800   28             java.awt.Component::getParent_NoClientCode (5 bytes)
Event: 20.354 Thread 0x0000000009030800 nmethod 28 0x00000000027dbe10 code [0x00000000027dbf40, 0x00000000027dbf98]
Event: 21.443 Thread 0x000000000902c000   29   !         sun.awt.AppContext::get (121 bytes)
Event: 21.459 Thread 0x000000000902c000 nmethod 29 0x00000000027e0410 code [0x00000000027e0580, 0x00000000027e0de8]
Event: 21.790 Thread 0x0000000009030800   30             java.awt.Component::getParent (5 bytes)
Event: 21.791 Thread 0x0000000009030800 nmethod 30 0x00000000027dbc10 code [0x00000000027dbd40, 0x00000000027dbd98]

GC Heap History (0 events):
No events

Deoptimization events (4 events):
Event: 3.397 Thread 0x000000000adb4800 Uncommon trap -34 fr.pc 0x00000000027ca684
Event: 5.045 Thread 0x000000000adb4800 Uncommon trap -34 fr.pc 0x00000000027ca684
Event: 5.045 Thread 0x000000000adb4800 Uncommon trap -34 fr.pc 0x00000000027ca684
Event: 5.304 Thread 0x000000000adb4800 Uncommon trap -34 fr.pc 0x00000000027ca684

Internal exceptions (10 events):
Event: 0.273 Thread 0x000000000014d000 Threw 0x00000000eb4c2d60 at C:\jdk7u2_64p\jdk7u21\hotspot\src\share\vm\interpreter\linkResolver.cpp:805
Event: 0.281 Thread 0x000000000014d000 Threw 0x00000000eb538fb8 at C:\jdk7u2_64p\jdk7u21\hotspot\src\share\vm\prims\jvm.cpp:1166
Event: 0.282 Thread 0x000000000014d000 Threw 0x00000000eb539c28 at C:\jdk7u2_64p\jdk7u21\hotspot\src\share\vm\prims\jvm.cpp:1166
Event: 0.283 Thread 0x000000000014d000 Threw 0x00000000eb53cf60 at C:\jdk7u2_64p\jdk7u21\hotspot\src\share\vm\prims\jvm.cpp:1166
Event: 0.283 Thread 0x000000000014d000 Threw 0x00000000eb53dbd0 at C:\jdk7u2_64p\jdk7u21\hotspot\src\share\vm\prims\jvm.cpp:1166
Event: 1.577 Thread 0x000000000adb4800 Threw 0x00000000eb51a738 at C:\jdk7u2_64p\jdk7u21\hotspot\src\share\vm\prims\jvm.cpp:1166
Event: 10.846 Thread 0x000000000adb4800 Threw 0x00000000eb7b0448 at C:\jdk7u2_64p\jdk7u21\hotspot\src\share\vm\prims\jvm.cpp:1166
Event: 25.016 Thread 0x00000000130ef000 Threw 0x00000000eb7ca680 at C:\jdk7u2_64p\jdk7u21\hotspot\src\share\vm\runtime\javaCalls.cpp:395
Event: 25.016 Thread 0x00000000130ef000 Threw 0x00000000eb7ca700 at C:\jdk7u2_64p\jdk7u21\hotspot\src\share\vm\runtime\javaCalls.cpp:395
Event: 25.016 Thread 0x00000000130ef000 Threw 0x00000000eb7ca750 at C:\jdk7u2_64p\jdk7u21\hotspot\src\share\vm\runtime\javaCalls.cpp:395

Events (10 events):
Event: 20.350 loading class 0x000000000b004c10 done
Event: 21.765 Executing VM operation: RevokeBias
Event: 21.765 Executing VM operation: RevokeBias done
Event: 21.766 Executing VM operation: RevokeBias
Event: 21.766 Executing VM operation: RevokeBias done
Event: 21.766 Executing VM operation: RevokeBias
Event: 21.766 Executing VM operation: RevokeBias done
Event: 24.904 Thread 0x000000000ac92800 Thread added: 0x000000000ac92800
Event: 24.916 Executing VM operation: RevokeBias
Event: 24.918 Executing VM operation: RevokeBias done


Dynamic libraries:
0x000000013f440000 - 0x000000013f473000 	D:\Program Files\Java\jre7\bin\javaw.exe
0x0000000077520000 - 0x00000000776c9000 	C:\Windows\SYSTEM32\ntdll.dll
0x00000000770a0000 - 0x00000000771bf000 	C:\Windows\system32\kernel32.dll
0x000007fefda30000 - 0x000007fefda9b000 	C:\Windows\system32\KERNELBASE.dll
0x000007feff6d0000 - 0x000007feff7ab000 	C:\Windows\system32\ADVAPI32.dll
0x000007feff220000 - 0x000007feff2bf000 	C:\Windows\system32\msvcrt.dll
0x000007fefe450000 - 0x000007fefe46f000 	C:\Windows\SYSTEM32\sechost.dll
0x000007fefde70000 - 0x000007fefdf9d000 	C:\Windows\system32\RPCRT4.dll
0x0000000076e40000 - 0x0000000076f3a000 	C:\Windows\system32\USER32.dll
0x000007fefe1d0000 - 0x000007fefe237000 	C:\Windows\system32\GDI32.dll
0x000007fefdd50000 - 0x000007fefdd5e000 	C:\Windows\system32\LPK.dll
0x000007feff500000 - 0x000007feff5c9000 	C:\Windows\system32\USP10.dll
0x000007fefc260000 - 0x000007fefc454000 	C:\Windows\WinSxS\amd64_microsoft.windows.common-controls_6595b64144ccf1df_6.0.7601.17514_none_fa396087175ac9ac\COMCTL32.dll
0x000007feff7b0000 - 0x000007feff821000 	C:\Windows\system32\SHLWAPI.dll
0x000007fefde40000 - 0x000007fefde6e000 	C:\Windows\system32\IMM32.DLL
0x000007feff370000 - 0x000007feff479000 	C:\Windows\system32\MSCTF.dll
0x0000000055970000 - 0x0000000055a41000 	D:\Program Files\Java\jre7\bin\msvcr100.dll
0x0000000055240000 - 0x0000000055961000 	D:\Program Files\Java\jre7\bin\server\jvm.dll
0x000007fef62e0000 - 0x000007fef62e9000 	C:\Windows\system32\WSOCK32.dll
0x000007fefe180000 - 0x000007fefe1cd000 	C:\Windows\system32\WS2_32.dll
0x000007feff2c0000 - 0x000007feff2c8000 	C:\Windows\system32\NSI.dll
0x000007fefc460000 - 0x000007fefc49b000 	C:\Windows\system32\WINMM.dll
0x00000000776e0000 - 0x00000000776e7000 	C:\Windows\system32\PSAPI.DLL
0x0000000055bb0000 - 0x0000000055bbf000 	D:\Program Files\Java\jre7\bin\verify.dll
0x0000000055b80000 - 0x0000000055ba8000 	D:\Program Files\Java\jre7\bin\java.dll
0x0000000055b10000 - 0x0000000055b25000 	D:\Program Files\Java\jre7\bin\zip.dll
0x00000000550a0000 - 0x0000000055233000 	D:\Program Files\Java\jre7\bin\awt.dll
0x000007fefdd60000 - 0x000007fefde37000 	C:\Windows\system32\OLEAUT32.dll
0x000007fefe240000 - 0x000007fefe443000 	C:\Windows\system32\ole32.dll
0x000007fefbb10000 - 0x000007fefbb28000 	C:\Windows\system32\DWMAPI.DLL
0x000007fefc080000 - 0x000007fefc0d6000 	C:\Windows\system32\uxtheme.dll
0x000007fefd850000 - 0x000007fefd8a7000 	C:\Windows\system32\apphelp.dll
0x000007fef93e0000 - 0x000007fef98e4000 	C:\Windows\system32\SOGOUPY.IME
0x000007fefb670000 - 0x000007fefb677000 	C:\Windows\system32\MSIMG32.dll
0x000007fefca90000 - 0x000007fefca9c000 	C:\Windows\system32\VERSION.dll
0x000007fefe470000 - 0x000007feff1f8000 	C:\Windows\system32\SHELL32.dll
0x000007fefd8b0000 - 0x000007fefd8bf000 	C:\Windows\system32\CRYPTBASE.dll
0x000007feef330000 - 0x000007feef52f000 	C:\Windows\system32\d3d9.dll
0x000007fef8b50000 - 0x000007fef8b57000 	C:\Windows\system32\d3d8thk.dll
0x000007fefdba0000 - 0x000007fefdbda000 	C:\Windows\system32\WINTRUST.dll
0x000007fefdbe0000 - 0x000007fefdd4c000 	C:\Windows\system32\CRYPT32.dll
0x000007fefda20000 - 0x000007fefda2f000 	C:\Windows\system32\MSASN1.dll
0x0000000054e00000 - 0x0000000054ee9000 	C:\Windows\system32\aticfx64.dll
0x000007fef9af0000 - 0x000007fef9bc2000 	C:\Program Files (x86)\SogouInput\Components\PicFace\1.0.0.792\PicFace64.dll
0x000007fefb460000 - 0x000007fefb46e000 	C:\Windows\system32\atiu9p64.dll
0x000007fefca60000 - 0x000007fefca8d000 	C:\Windows\system32\ntmarta.dll
0x000007feff5d0000 - 0x000007feff622000 	C:\Windows\system32\WLDAP32.dll
0x000007fef9a70000 - 0x000007fef9ae6000 	C:\Program Files (x86)\SogouInput\Components\AddressSearch\1.0.0.1233\AddressSearch64.dll
0x000007fefb740000 - 0x000007fefb794000 	C:\Windows\system32\OLEACC.dll
0x0000000076f40000 - 0x000000007709b000 	C:\Windows\system32\WININET.dll
0x00000000776f0000 - 0x00000000776f3000 	C:\Windows\system32\Normaliz.dll
0x00000000771c0000 - 0x00000000773d0000 	C:\Windows\system32\iertutil.dll
0x00000000773d0000 - 0x000000007751d000 	C:\Windows\system32\urlmon.dll
0x0000000180000000 - 0x00000001807ca000 	C:\Windows\system32\igdumd64.dll
0x0000000052690000 - 0x0000000052dc8000 	C:\Windows\system32\atiumd64.dll
0x0000000055ad0000 - 0x0000000055b0e000 	D:\Program Files\Java\jre7\bin\fontmanager.dll
0x000007feff2d0000 - 0x000007feff369000 	C:\Windows\system32\CLBCatQ.DLL
0x000007fefb9a0000 - 0x000007fefbaca000 	C:\Windows\system32\WindowsCodecs.dll
0x000007fef8710000 - 0x000007fef87fd000 	D:\Klive\kuaipanshellext64.dll
0x000007fef9930000 - 0x000007fef9939000 	C:\Windows\system32\FLTLIB.DLL
0x000007fefbd60000 - 0x000007fefbf76000 	C:\Windows\WinSxS\amd64_microsoft.windows.gdiplus_6595b64144ccf1df_1.1.7601.18120_none_2b25b14c71ebf230\gdiplus.dll
0x0000000072f50000 - 0x0000000072f66000 	C:\Program Files\Common Files\TortoiseOverlays\TortoiseOverlays.dll
0x00000000727f0000 - 0x0000000072800000 	D:\Program Files\TortoiseSVN\bin\TortoiseStub.dll
0x0000000072770000 - 0x00000000727eb000 	D:\Program Files\TortoiseSVN\bin\TortoiseSVN.dll
0x000007fef8320000 - 0x000007fef8709000 	D:\Program Files\TortoiseSVN\bin\libsvn_tsvn.dll
0x0000000072740000 - 0x000000007276b000 	D:\Program Files\TortoiseSVN\bin\libapr_tsvn.dll
0x000007fefd1f0000 - 0x000007fefd245000 	C:\Windows\system32\MSWSOCK.dll
0x0000000072610000 - 0x0000000072651000 	D:\Program Files\TortoiseSVN\bin\libaprutil_tsvn.dll
0x000007fef9920000 - 0x000007fef9930000 	D:\Program Files\TortoiseSVN\bin\intl3_tsvn.dll
0x000007fef9900000 - 0x000007fef991a000 	D:\Program Files\TortoiseSVN\bin\libsasl.dll
0x000007fefd650000 - 0x000007fefd65b000 	C:\Windows\system32\Secur32.dll
0x000007fefd820000 - 0x000007fefd845000 	C:\Windows\system32\SSPICLI.DLL
0x0000000072570000 - 0x0000000072608000 	C:\Windows\system32\MSVCP100.dll
0x000007fefa430000 - 0x000007fefa465000 	C:\Windows\system32\EhStorShell.dll
0x000007fefdfa0000 - 0x000007fefe177000 	C:\Windows\system32\SETUPAPI.dll
0x000007fefdb40000 - 0x000007fefdb76000 	C:\Windows\system32\CFGMGR32.dll
0x000007fefdb80000 - 0x000007fefdb9a000 	C:\Windows\system32\DEVOBJ.dll
0x000007fefc0e0000 - 0x000007fefc20c000 	C:\Windows\system32\PROPSYS.dll
0x0000000055ab0000 - 0x0000000055ac9000 	D:\Program Files\Java\jre7\bin\net.dll
0x000007fefd1e0000 - 0x000007fefd1e7000 	C:\Windows\System32\wship6.dll
0x0000000055a90000 - 0x0000000055aa1000 	D:\Program Files\Java\jre7\bin\nio.dll
0x0000000055050000 - 0x0000000055091000 	D:\Program Files\Java\jre7\bin\t2k.dll
0x000000000b390000 - 0x000000000b40c000 	C:\Program Files (x86)\SogouInput\6.5.0.8433\Resource.dll
0x000007fefb430000 - 0x000007fefb45b000 	D:\Program Files\Java\jdk\jre\bin\Jpcap.dll
0x000000000ee50000 - 0x000000000eeb5000 	C:\Windows\system32\wpcap.dll
0x000000000a9d0000 - 0x000000000a9ef000 	C:\Windows\system32\packet.dll
0x000007fefb140000 - 0x000007fefb167000 	C:\Windows\system32\iphlpapi.dll
0x000007fefb130000 - 0x000007fefb13b000 	C:\Windows\system32\WINNSI.DLL
0x000007fefaff0000 - 0x000007fefb001000 	C:\Windows\system32\dhcpcsvc6.DLL
0x000007fefafd0000 - 0x000007fefafe8000 	C:\Windows\system32\dhcpcsvc.DLL
0x0000000054ff0000 - 0x000000005501a000 	D:\Program Files\Java\jre7\bin\dcpr.dll
0x000007fef3710000 - 0x000007fef3835000 	C:\Windows\system32\dbghelp.dll

VM Arguments:
jvm_args: -Dfile.encoding=GBK 
java_command: CapturePackage.CaptureFrame
Launcher Type: SUN_STANDARD

Environment Variables:
JAVA_HOME=D:\Program Files\Java\jdk
CLASSPATH=.;D:\Program Files\Java\jdk\lib;D:\Program Files\Java\jdk\lib\dt.jar;D:\Program Files\Java\jdk\lib\tools.jar
PATH=D:/Program Files/Java/jdk/bin/../jre/bin/server;D:/Program Files/Java/jdk/bin/../jre/bin;D:/Program Files/Java/jdk/bin/../jre/lib/amd64;D:\Program Files\Java\jdk\bin;D:\Program Files\Java\jdk\jre\bin;C:\Program Files (x86)\AMD APP\bin\x86_64;C:\Program Files (x86)\AMD APP\bin\x86;C:\Windows\system32;C:\Windows;C:\Windows\System32\Wbem;C:\Windows\System32\WindowsPowerShell\v1.0\;C:\Program Files (x86)\ATI Technologies\ATI.ACE\Core-Static;D:\Program Files\TortoiseSVN\bin;C:\Program Files (x86)\Intel\OpenCL SDK\2.0\bin\x86;C:\Program Files (x86)\Intel\OpenCL SDK\2.0\bin\x64;C:\Program Files (x86)\Microsoft SQL Server\90\Tools\binn\;C:\Program Files (x86)\Autodesk\Backburner\;C:\Program Files\Common Files\Autodesk Shared\;C:\Program Files (x86)\Microsoft SQL Server\100\Tools\Binn\;C:\Program Files\Microsoft SQL Server\100\Tools\Binn\;C:\Program Files\Microsoft SQL Server\100\DTS\Binn\;C:\Program Files (x86)\Microsoft SQL Server\100\Tools\Binn\VSShell\Common7\IDE\;C:\Program Files (x86)\Microsoft SQL Server\100\DTS\Binn\;C:\Program Files (x86)\Microsoft Visual Studio 9.0\Common7\IDE\PrivateAssemblies\;D:\Program Files (x86)\eclipse;
USERNAME=Administrator
OS=Windows_NT
PROCESSOR_IDENTIFIER=Intel64 Family 6 Model 58 Stepping 9, GenuineIntel



---------------  S Y S T E M  ---------------

OS: Windows 7 , 64 bit Build 7601 Service Pack 1

CPU:total 4 (2 cores per cpu, 2 threads per core) family 6 model 58 stepping 9, cmov, cx8, fxsr, mmx, sse, sse2, sse3, ssse3, sse4.1, sse4.2, popcnt, avx, ht, tsc, tscinvbit, tscinv

Memory: 4k page, physical 4090224k(1147192k free), swap 8178588k(4541608k free)

vm_info: Java HotSpot(TM) 64-Bit Server VM (23.21-b01) for windows-amd64 JRE (1.7.0_21-b11), built on Apr  4 2013 08:11:28 by "java_re" with unknown MS VC++:1600

time: Wed Nov 20 10:41:22 2013
elapsed time: 25 seconds

